[jmiiwedding.com/thuyquynhphonggiangwedding/index.html]
[backblue.gif]
[fade.gif]
[index.html]
[w.ladicdn.com_443/6322a62f2dad980013bb5005/untitled-1-20250409032644-v_4bn.png]
[w.ladicdn.com/v5/source/ladipagev3.min12b1.js]
[w.ladicdn.com/s750x1000/6322a62f2dad980013bb5005/tuan4261-20260316070910-8mbfg.jpg]
[w.ladicdn.com/s750x950/6322a62f2dad980013bb5005/icon-thiep-huyenpsd_0000_clear-white-plaster-texture-pattern-copy-14-20250703084107-2wpug.png]
[w.ladicdn.com/s750x550/6322a62f2dad980013bb5005/thiep-huyen-copy_0003_thiep-huyenn-copy-3-20250703084042-v6pcm.png]
[w.ladicdn.com/s550x650/6322a62f2dad980013bb5005/tuan4772-20260316071156-u4yvx.jpg]
[w.ladicdn.com/s550x650/6322a62f2dad980013bb5005/tuan4525-20260316071158-v5lka.jpg]
[w.ladicdn.com/s750x850/6322a62f2dad980013bb5005/tuan5064-20260316071343-0gm7g.jpg]
[w.ladicdn.com/s350x350/6322a62f2dad980013bb5005/icon-thiep-huyenpsd_0005_vector-smart-object-20250703090913-cjn_h.png]
[w.ladicdn.com/s750x550/6322a62f2dad980013bb5005/thiep-huyen-copy_0002_thiep-huyenn-copy-2-20250703085254-ucalq.png]
[w.ladicdn.com/s750x1200/6322a62f2dad980013bb5005/thiep-huyen-copy_0002_thiep-huyenn-copy-2-20250703085254-ucalq.png]
[w.ladicdn.com/s750x900/6322a62f2dad980013bb5005/thiep-huyen-copy_0002_thiep-huyenn-copy-2-20250703085254-ucalq.png]
[w.ladicdn.com/s350x350/6322a62f2dad980013bb5005/icon-thiep-huyenpsd_0003_vector-smart-object-20250703090407-yvbeo.png]
[w.ladicdn.com/s500x400/6322a62f2dad980013bb5005/icon-thiep-huyenpsd_0004_vector-smart-object-20250718103005-hposg.png]
[w.ladicdn.com/s750x700/6322a62f2dad980013bb5005/tuan4967-20260316071543-x5ouk.jpg]
[w.ladicdn.com/s750x1250/6322a62f2dad980013bb5005/thiep-huyen-copy_0001_thiep-huyenn-copy-20250703091058-7vwcz.png]
[w.ladicdn.com/s350x350/6322a62f2dad980013bb5005/icon-thiep-huyenpsd_0014_vector-smart-object-20250703091211-e_83m.png]
[w.ladicdn.com/s400x350/6322a62f2dad980013bb5005/untitled-1_0003_vector-smart-object-20250528023301-9qyrl.png]
[w.ladicdn.com/s350x350/6322a62f2dad980013bb5005/untitled-1_0001_vector-smart-object-20250528023312-le6ej.png]
[w.ladicdn.com/s750x950/6322a62f2dad980013bb5005/tuan5147-20260316072428-zd_9x.jpg]
[w.ladicdn.com/s450x450/6322a62f2dad980013bb5005/tuan4743-20260316072427-tgn9j.jpg]
[w.ladicdn.com/s450x500/6322a62f2dad980013bb5005/tuan4692-20260316072424-2dehm.jpg]
[w.ladicdn.com/s450x500/6322a62f2dad980013bb5005/tuan4577-20260316072425-eakdz.jpg]
[w.ladicdn.com/s450x450/6322a62f2dad980013bb5005/tuan4624-20260316072422-yd3z8.jpg]
[w.ladicdn.com/s750x1050/6322a62f2dad980013bb5005/tuan3999-20260316073032-mkwh_.jpg]
[w.ladicdn.com/s400x400/6322a62f2dad980013bb5005/tuan3999-20260316073032-mkwh_.jpg]
[w.ladicdn.com/s750x1050/6322a62f2dad980013bb5005/tuan4428-20260316073030-nstds.jpg]
[w.ladicdn.com/s400x400/6322a62f2dad980013bb5005/tuan4428-20260316073030-nstds.jpg]
[w.ladicdn.com/s750x1050/6322a62f2dad980013bb5005/tuan4283-20260316073029-7ly4l.jpg]
[w.ladicdn.com/s400x400/6322a62f2dad980013bb5005/tuan4283-20260316073029-7ly4l.jpg]
[w.ladicdn.com/s750x1050/6322a62f2dad980013bb5005/tuan4053-20260316073027-mw0ba.jpg]
[w.ladicdn.com/s400x400/6322a62f2dad980013bb5005/tuan4053-20260316073027-mw0ba.jpg]
[w.ladicdn.com/s750x1050/6322a62f2dad980013bb5005/tuan4897-20260316073026-pdcf1.jpg]
[w.ladicdn.com/s400x400/6322a62f2dad980013bb5005/tuan4897-20260316073026-pdcf1.jpg]
[w.ladicdn.com/s750x1050/6322a62f2dad980013bb5005/tuan4941-20260316073025-oails.jpg]
[w.ladicdn.com/s400x400/6322a62f2dad980013bb5005/tuan4941-20260316073025-oails.jpg]
[w.ladicdn.com/s750x1050/6322a62f2dad980013bb5005/tuan4922-20260316073023-owbdf.jpg]
[w.ladicdn.com/s400x400/6322a62f2dad980013bb5005/tuan4922-20260316073023-owbdf.jpg]
[w.ladicdn.com/s750x1050/6322a62f2dad980013bb5005/tuan4957-20260316073022-fopo6.jpg]
[w.ladicdn.com/s400x400/6322a62f2dad980013bb5005/tuan4957-20260316073022-fopo6.jpg]
[w.ladicdn.com/s750x1050/6322a62f2dad980013bb5005/tuan5204-20260316073021-eonyx.jpg]
[w.ladicdn.com/s400x400/6322a62f2dad980013bb5005/tuan5204-20260316073021-eonyx.jpg]
[w.ladicdn.com/s750x1050/6322a62f2dad980013bb5005/tuan5147-1-20260316073019-sjg6i.jpg]
[w.ladicdn.com/s400x400/6322a62f2dad980013bb5005/tuan5147-1-20260316073019-sjg6i.jpg]
[w.ladicdn.com/s750x900/6322a62f2dad980013bb5005/thiep-huyen-copy_0000_thiep-huyenn-20250703093523-xaxc3.png]
[w.ladicdn.com/s750x700/6322a62f2dad980013bb5005/tuan3956-20260316073426-nbrfo.jpg]
[w.ladicdn.com/s750x850/6322a62f2dad980013bb5005/thiep-huyen-copy_0000_thiep-huyenn-20250703093523-xaxc3.png]
[w.ladicdn.com/s750x600/6322a62f2dad980013bb5005/tuan4283-20260316073426-xervw.jpg]
[w.ladicdn.com/s750x800/6322a62f2dad980013bb5005/thiep-cuoi-binh-an-2-20250422022636-ek6ox.jpg]
[w.ladicdn.com/s750x600/6322a62f2dad980013bb5005/tuan4692-20260316072424-2dehm.jpg]
[jmiiwedding.com/thuyquynhphonggiangwedding/index.html]
[w.ladicdn.com/s550x850/6322a62f2dad980013bb5005/z7625897548939_6e177b8f3ac1396c00d7acd86491b2ad-20260316080320-ygthx.jpg]
